12-14 19:17:25 com_github_MitjaNemec_PlaceFootprints.action_place_footprints 641:Plugin executed on: 'darwin'
12-14 19:17:25 com_github_MitjaNemec_PlaceFootprints.action_place_footprints 642:Plugin executed with python version: '3.9.13 (v3.9.13:6de2ca5339, May 17 2022, 11:37:23) \n[Clang 13.0.0 (clang-1300.0.29.30)]'
12-14 19:17:25 com_github_MitjaNemec_PlaceFootprints.action_place_footprints 643:KiCad build version: 7.0.8
12-14 19:17:25 com_github_MitjaNemec_PlaceFootprints.action_place_footprints 644:Plugin version: 2.1.2
12-14 19:17:25 com_github_MitjaNemec_PlaceFootprints.action_place_footprints 645:Frame repr: <wx._core.Frame object at 0x128a4d040>
12-14 19:17:25 com_github_MitjaNemec_PlaceFootprints.place_footprints 121:getting a list of all footprints on board
12-14 19:17:25 com_github_MitjaNemec_PlaceFootprints.place_footprints 156:Footprint D56 on root level
12-14 19:17:25 com_github_MitjaNemec_PlaceFootprints.place_footprints 156:Footprint M1 on root level
12-14 19:17:25 com_github_MitjaNemec_PlaceFootprints.place_footprints 156:Footprint D55 on root level
12-14 19:17:25 com_github_MitjaNemec_PlaceFootprints.place_footprints 156:Footprint D54 on root level
12-14 19:17:25 com_github_MitjaNemec_PlaceFootprints.place_footprints 156:Footprint D53 on root level
12-14 19:17:25 com_github_MitjaNemec_PlaceFootprints.place_footprints 156:Footprint D52 on root level
12-14 19:17:25 com_github_MitjaNemec_PlaceFootprints.place_footprints 156:Footprint D51 on root level
12-14 19:17:25 com_github_MitjaNemec_PlaceFootprints.place_footprints 156:Footprint D50 on root level
12-14 19:17:25 com_github_MitjaNemec_PlaceFootprints.place_footprints 156:Footprint D49 on root level
12-14 19:17:25 com_github_MitjaNemec_PlaceFootprints.place_footprints 156:Footprint D48 on root level
12-14 19:17:25 com_github_MitjaNemec_PlaceFootprints.place_footprints 156:Footprint D47 on root level
12-14 19:17:25 com_github_MitjaNemec_PlaceFootprints.place_footprints 156:Footprint D46 on root level
12-14 19:17:25 com_github_MitjaNemec_PlaceFootprints.place_footprints 156:Footprint D45 on root level
12-14 19:17:25 com_github_MitjaNemec_PlaceFootprints.place_footprints 156:Footprint D44 on root level
12-14 19:17:25 com_github_MitjaNemec_PlaceFootprints.place_footprints 156:Footprint D43 on root level
12-14 19:17:25 com_github_MitjaNemec_PlaceFootprints.place_footprints 156:Footprint D42 on root level
12-14 19:17:25 com_github_MitjaNemec_PlaceFootprints.place_footprints 156:Footprint D41 on root level
12-14 19:17:25 com_github_MitjaNemec_PlaceFootprints.place_footprints 156:Footprint D40 on root level
12-14 19:17:25 com_github_MitjaNemec_PlaceFootprints.place_footprints 156:Footprint D39 on root level
12-14 19:17:25 com_github_MitjaNemec_PlaceFootprints.place_footprints 156:Footprint D38 on root level
12-14 19:17:25 com_github_MitjaNemec_PlaceFootprints.place_footprints 156:Footprint D37 on root level
12-14 19:17:25 com_github_MitjaNemec_PlaceFootprints.place_footprints 156:Footprint D36 on root level
12-14 19:17:25 com_github_MitjaNemec_PlaceFootprints.place_footprints 156:Footprint D35 on root level
12-14 19:17:25 com_github_MitjaNemec_PlaceFootprints.place_footprints 156:Footprint D34 on root level
12-14 19:17:25 com_github_MitjaNemec_PlaceFootprints.place_footprints 156:Footprint D33 on root level
12-14 19:17:25 com_github_MitjaNemec_PlaceFootprints.place_footprints 156:Footprint D32 on root level
12-14 19:17:25 com_github_MitjaNemec_PlaceFootprints.place_footprints 156:Footprint D31 on root level
12-14 19:17:25 com_github_MitjaNemec_PlaceFootprints.place_footprints 156:Footprint D30 on root level
12-14 19:17:25 com_github_MitjaNemec_PlaceFootprints.place_footprints 156:Footprint D29 on root level
12-14 19:17:25 com_github_MitjaNemec_PlaceFootprints.place_footprints 156:Footprint D28 on root level
12-14 19:17:25 com_github_MitjaNemec_PlaceFootprints.place_footprints 156:Footprint D27 on root level
12-14 19:17:25 com_github_MitjaNemec_PlaceFootprints.place_footprints 156:Footprint D26 on root level
12-14 19:17:25 com_github_MitjaNemec_PlaceFootprints.place_footprints 156:Footprint D25 on root level
12-14 19:17:25 com_github_MitjaNemec_PlaceFootprints.place_footprints 156:Footprint D24 on root level
12-14 19:17:25 com_github_MitjaNemec_PlaceFootprints.place_footprints 156:Footprint D23 on root level
12-14 19:17:25 com_github_MitjaNemec_PlaceFootprints.place_footprints 156:Footprint D22 on root level
12-14 19:17:25 com_github_MitjaNemec_PlaceFootprints.place_footprints 156:Footprint D21 on root level
12-14 19:17:25 com_github_MitjaNemec_PlaceFootprints.place_footprints 156:Footprint D20 on root level
12-14 19:17:25 com_github_MitjaNemec_PlaceFootprints.place_footprints 156:Footprint D19 on root level
12-14 19:17:25 com_github_MitjaNemec_PlaceFootprints.place_footprints 156:Footprint D18 on root level
12-14 19:17:25 com_github_MitjaNemec_PlaceFootprints.place_footprints 156:Footprint D17 on root level
12-14 19:17:25 com_github_MitjaNemec_PlaceFootprints.place_footprints 156:Footprint D16 on root level
12-14 19:17:25 com_github_MitjaNemec_PlaceFootprints.place_footprints 156:Footprint D15 on root level
12-14 19:17:25 com_github_MitjaNemec_PlaceFootprints.place_footprints 156:Footprint D14 on root level
12-14 19:17:25 com_github_MitjaNemec_PlaceFootprints.place_footprints 156:Footprint D13 on root level
12-14 19:17:25 com_github_MitjaNemec_PlaceFootprints.place_footprints 156:Footprint D12 on root level
12-14 19:17:25 com_github_MitjaNemec_PlaceFootprints.place_footprints 156:Footprint D11 on root level
12-14 19:17:25 com_github_MitjaNemec_PlaceFootprints.place_footprints 156:Footprint D10 on root level
12-14 19:17:25 com_github_MitjaNemec_PlaceFootprints.place_footprints 156:Footprint D9 on root level
12-14 19:17:25 com_github_MitjaNemec_PlaceFootprints.place_footprints 156:Footprint D8 on root level
12-14 19:17:25 com_github_MitjaNemec_PlaceFootprints.place_footprints 156:Footprint D7 on root level
12-14 19:17:25 com_github_MitjaNemec_PlaceFootprints.place_footprints 156:Footprint D6 on root level
12-14 19:17:25 com_github_MitjaNemec_PlaceFootprints.place_footprints 156:Footprint D5 on root level
12-14 19:17:25 com_github_MitjaNemec_PlaceFootprints.place_footprints 156:Footprint D4 on root level
12-14 19:17:25 com_github_MitjaNemec_PlaceFootprints.place_footprints 156:Footprint D3 on root level
12-14 19:17:25 com_github_MitjaNemec_PlaceFootprints.place_footprints 156:Footprint D2 on root level
12-14 19:17:25 com_github_MitjaNemec_PlaceFootprints.place_footprints 156:Footprint D1 on root level
12-14 19:17:25 com_github_MitjaNemec_PlaceFootprints.place_footprints 156:Footprint J1 on root level
12-14 19:17:25 com_github_MitjaNemec_PlaceFootprints.place_footprints 156:Footprint J4 on root level
12-14 19:17:25 com_github_MitjaNemec_PlaceFootprints.place_footprints 156:Footprint SW5 on root level
12-14 19:17:25 com_github_MitjaNemec_PlaceFootprints.place_footprints 156:Footprint SW4 on root level
12-14 19:17:25 com_github_MitjaNemec_PlaceFootprints.place_footprints 156:Footprint J6 on root level
12-14 19:17:25 com_github_MitjaNemec_PlaceFootprints.place_footprints 156:Footprint J9 on root level
12-14 19:17:25 com_github_MitjaNemec_PlaceFootprints.place_footprints 156:Footprint J5 on root level
12-14 19:17:25 com_github_MitjaNemec_PlaceFootprints.place_footprints 156:Footprint S1 on root level
12-14 19:17:25 com_github_MitjaNemec_PlaceFootprints.place_footprints 156:Footprint SW7 on root level
12-14 19:17:25 com_github_MitjaNemec_PlaceFootprints.place_footprints 156:Footprint J3 on root level
12-14 19:17:25 com_github_MitjaNemec_PlaceFootprints.place_footprints 156:Footprint J2 on root level
12-14 19:17:25 com_github_MitjaNemec_PlaceFootprints.place_footprints 156:Footprint J8 on root level
12-14 19:17:25 com_github_MitjaNemec_PlaceFootprints.place_footprints 156:Footprint SW6 on root level
12-14 19:17:25 com_github_MitjaNemec_PlaceFootprints.place_footprints 156:Footprint J7 on root level
12-14 19:17:25 com_github_MitjaNemec_PlaceFootprints.place_footprints 156:Footprint MT1 on root level
12-14 19:17:25 com_github_MitjaNemec_PlaceFootprints.place_footprints 156:Footprint MT2 on root level
12-14 19:17:25 com_github_MitjaNemec_PlaceFootprints.place_footprints 156:Footprint SW1 on root level
12-14 19:17:25 com_github_MitjaNemec_PlaceFootprints.place_footprints 156:Footprint SW3 on root level
12-14 19:17:25 com_github_MitjaNemec_PlaceFootprints.place_footprints 156:Footprint SW8 on root level
12-14 19:17:26 com_github_MitjaNemec_PlaceFootprints.action_place_footprints 824:Reference designator is: D
12-14 19:17:26 com_github_MitjaNemec_PlaceFootprints.action_place_footprints 825:Reference number is: 33
12-14 19:17:26 com_github_MitjaNemec_PlaceFootprints.action_place_footprints 857:Sorted and filtered list:
['D1', 'D2', 'D3', 'D4', 'D5', 'D6', 'D7', 'D8', 'D9', 'D10', 'D11', 'D12', 'D13', 'D14', 'D15', 'D16', 'D17', 'D18', 'D19', 'D20', 'D21', 'D22', 'D23', 'D24', 'D25', 'D26', 'D27', 'D28', 'D29', 'D30', 'D31', 'D32', 'D33', 'D34', 'D35', 'D36', 'D37', 'D38', 'D39', 'D40', 'D41', 'D42', 'D43', 'D44', 'D45', 'D46', 'D47', 'D48', 'D49', 'D50', 'D51', 'D52', 'D53', 'D54', 'D55', 'D56']
12-14 19:17:26 com_github_MitjaNemec_PlaceFootprints.action_place_footprints 358:wx.Colour(38, 38, 38, 255)
12-14 19:17:45 com_github_MitjaNemec_PlaceFootprints.action_place_footprints 489:'46'
12-14 19:17:45 com_github_MitjaNemec_PlaceFootprints.action_place_footprints 895:Footprints to place:
['D33', 'D34', 'D35', 'D36', 'D37', 'D38', 'D39', 'D40', 'D41', 'D42', 'D43', 'D44', 'D45', 'D46', 'D47', 'D48']
12-14 19:17:45 com_github_MitjaNemec_PlaceFootprints.place_footprints 330:Starting placing with circular layout
12-14 19:17:45 com_github_MitjaNemec_PlaceFootprints.place_footprints 340:reference footprint position at: VECTOR2I(63500000, 70245000)
12-14 19:17:45 com_github_MitjaNemec_PlaceFootprints.place_footprints 345:rotation center at: (63500000, 116245000.0)
12-14 19:17:45 com_github_MitjaNemec_PlaceFootprints.place_footprints 450:Text of: D33 has property "Keep upright" rotation might not look as intended
12-14 19:17:45 com_github_MitjaNemec_PlaceFootprints.place_footprints 450:Text of: D33 has property "Keep upright" rotation might not look as intended
12-14 19:17:45 com_github_MitjaNemec_PlaceFootprints.place_footprints 450:Text of: D33 has property "Keep upright" rotation might not look as intended
12-14 19:17:45 com_github_MitjaNemec_PlaceFootprints.place_footprints 450:Text of: D33 has property "Keep upright" rotation might not look as intended
12-14 19:17:45 com_github_MitjaNemec_PlaceFootprints.place_footprints 450:Text of: D33 has property "Keep upright" rotation might not look as intended
12-14 19:17:45 com_github_MitjaNemec_PlaceFootprints.place_footprints 450:Text of: D33 has property "Keep upright" rotation might not look as intended
12-14 19:17:45 com_github_MitjaNemec_PlaceFootprints.place_footprints 450:Text of: D33 has property "Keep upright" rotation might not look as intended
12-14 19:17:45 com_github_MitjaNemec_PlaceFootprints.place_footprints 450:Text of: D33 has property "Keep upright" rotation might not look as intended
12-14 19:17:45 com_github_MitjaNemec_PlaceFootprints.place_footprints 450:Text of: D33 has property "Keep upright" rotation might not look as intended
12-14 19:17:45 com_github_MitjaNemec_PlaceFootprints.place_footprints 450:Text of: D33 has property "Keep upright" rotation might not look as intended
12-14 19:17:45 com_github_MitjaNemec_PlaceFootprints.place_footprints 450:Text of: D33 has property "Keep upright" rotation might not look as intended
12-14 19:17:45 com_github_MitjaNemec_PlaceFootprints.place_footprints 450:Text of: D33 has property "Keep upright" rotation might not look as intended
12-14 19:17:45 com_github_MitjaNemec_PlaceFootprints.place_footprints 450:Text of: D33 has property "Keep upright" rotation might not look as intended
12-14 19:17:45 com_github_MitjaNemec_PlaceFootprints.place_footprints 450:Text of: D33 has property "Keep upright" rotation might not look as intended
12-14 19:17:45 com_github_MitjaNemec_PlaceFootprints.place_footprints 450:Text of: D33 has property "Keep upright" rotation might not look as intended
12-14 19:17:45 com_github_MitjaNemec_PlaceFootprints.place_footprints 450:Text of: D33 has property "Keep upright" rotation might not look as intended
12-14 19:17:45 com_github_MitjaNemec_PlaceFootprints.place_footprints 450:Text of: D33 has property "Keep upright" rotation might not look as intended
12-14 19:17:45 com_github_MitjaNemec_PlaceFootprints.place_footprints 450:Text of: D33 has property "Keep upright" rotation might not look as intended
12-14 19:17:45 com_github_MitjaNemec_PlaceFootprints.place_footprints 450:Text of: D33 has property "Keep upright" rotation might not look as intended
12-14 19:17:45 com_github_MitjaNemec_PlaceFootprints.place_footprints 450:Text of: D33 has property "Keep upright" rotation might not look as intended
12-14 19:17:45 com_github_MitjaNemec_PlaceFootprints.place_footprints 450:Text of: D33 has property "Keep upright" rotation might not look as intended
12-14 19:17:45 com_github_MitjaNemec_PlaceFootprints.place_footprints 450:Text of: D33 has property "Keep upright" rotation might not look as intended
12-14 19:17:45 com_github_MitjaNemec_PlaceFootprints.place_footprints 450:Text of: D33 has property "Keep upright" rotation might not look as intended
12-14 19:17:45 com_github_MitjaNemec_PlaceFootprints.place_footprints 450:Text of: D33 has property "Keep upright" rotation might not look as intended
12-14 19:17:45 com_github_MitjaNemec_PlaceFootprints.place_footprints 450:Text of: D33 has property "Keep upright" rotation might not look as intended
12-14 19:17:45 com_github_MitjaNemec_PlaceFootprints.place_footprints 450:Text of: D33 has property "Keep upright" rotation might not look as intended
12-14 19:17:45 com_github_MitjaNemec_PlaceFootprints.place_footprints 450:Text of: D33 has property "Keep upright" rotation might not look as intended
12-14 19:17:45 com_github_MitjaNemec_PlaceFootprints.place_footprints 450:Text of: D33 has property "Keep upright" rotation might not look as intended
12-14 19:17:45 com_github_MitjaNemec_PlaceFootprints.place_footprints 450:Text of: D33 has property "Keep upright" rotation might not look as intended
12-14 19:17:45 com_github_MitjaNemec_PlaceFootprints.place_footprints 450:Text of: D33 has property "Keep upright" rotation might not look as intended
12-14 19:17:45 com_github_MitjaNemec_PlaceFootprints.action_place_footprints 910:Placing complete
